# JRE version: OpenJDK Runtime Environment (8.0_152-b01) (build 1.8.0_152-release-1248-b01)
# Java VM: OpenJDK 64-Bit Server VM (25.152-b01 mixed mode windows-amd64 compressed oops)
Heap:
 PSYoungGen      total 88064K, used 2921K [0x00000000e0000000, 0x00000000e7f80000, 0x0000000100000000)
  eden space 77312K, 3% used [0x00000000e0000000,0x00000000e02da660,0x00000000e4b80000)
  from space 10752K, 0% used [0x00000000e4b80000,0x00000000e4b80000,0x00000000e5600000)
  to   space 10752K, 0% used [0x00000000e7500000,0x00000000e7500000,0x00000000e7f80000)
 ParOldGen       total 64512K, used 16475K [0x00000000a0000000, 0x00000000a3f00000, 0x00000000e0000000)
  object space 64512K, 25% used [0x00000000a0000000,0x00000000a1016ed8,0x00000000a3f00000)
 Metaspace       used 36314K, capacity 36958K, committed 37080K, reserved 1081344K
  class space    used 4923K, capacity 5113K, committed 5120K, reserved 1048576K
GC Heap History (10 events):
Event: 7.273 GC heap before
{Heap before GC invocations=9 (full 1):
 PSYoungGen      total 44032K, used 38775K [0x00000000e0000000, 0x00000000e4980000, 0x0000000100000000)
  eden space 32768K, 100% used [0x00000000e0000000,0x00000000e2000000,0x00000000e2000000)
  from space 11264K, 53% used [0x00000000e2000000,0x00000000e25dddf0,0x00000000e2b00000)
  to   space 10752K, 0% used [0x00000000e3f00000,0x00000000e3f00000,0x00000000e4980000)
 ParOldGen       total 64512K, used 9670K [0x00000000a0000000, 0x00000000a3f00000, 0x00000000e0000000)
  object space 64512K, 14% used [0x00000000a0000000,0x00000000a0971858,0x00000000a3f00000)
 Metaspace       used 28829K, capacity 29366K, committed 29568K, reserved 1075200K
  class space    used 3968K, capacity 4182K, committed 4224K, reserved 1048576K
Event: 7.329 GC heap after
Heap after GC invocations=9 (full 1):
 PSYoungGen      total 64512K, used 7199K [0x00000000e0000000, 0x00000000e4f00000, 0x0000000100000000)
  eden space 53760K, 0% used [0x00000000e0000000,0x00000000e0000000,0x00000000e3480000)
  from space 10752K, 66% used [0x00000000e3f00000,0x00000000e4607c50,0x00000000e4980000)
  to   space 10752K, 0% used [0x00000000e3480000,0x00000000e3480000,0x00000000e3f00000)
 ParOldGen       total 64512K, used 9670K [0x00000000a0000000, 0x00000000a3f00000, 0x00000000e0000000)
  object space 64512K, 14% used [0x00000000a0000000,0x00000000a0971858,0x00000000a3f00000)
 Metaspace       used 28829K, capacity 29366K, committed 29568K, reserved 1075200K
  class space    used 3968K, capacity 4182K, committed 4224K, reserved 1048576K
}
Event: 11.121 GC heap before
{Heap before GC invocations=10 (full 1):
 PSYoungGen      total 64512K, used 60959K [0x00000000e0000000, 0x00000000e4f00000, 0x0000000100000000)
  eden space 53760K, 100% used [0x00000000e0000000,0x00000000e3480000,0x00000000e3480000)
  from space 10752K, 66% used [0x00000000e3f00000,0x00000000e4607c50,0x00000000e4980000)
  to   space 10752K, 0% used [0x00000000e3480000,0x00000000e3480000,0x00000000e3f00000)
 ParOldGen       total 64512K, used 9670K [0x00000000a0000000, 0x00000000a3f00000, 0x00000000e0000000)
  object space 64512K, 14% used [0x00000000a0000000,0x00000000a0971858,0x00000000a3f00000)
 Metaspace       used 32138K, capacity 32668K, committed 33024K, reserved 1077248K
  class space    used 4347K, capacity 4535K, committed 4608K, reserved 1048576K
Event: 11.151 GC heap after
Heap after GC invocations=10 (full 1):
 PSYoungGen      total 64512K, used 5876K [0x00000000e0000000, 0x00000000e6100000, 0x0000000100000000)
  eden space 53760K, 0% used [0x00000000e0000000,0x00000000e0000000,0x00000000e3480000)
  from space 10752K, 54% used [0x00000000e3480000,0x00000000e3a3d388,0x00000000e3f00000)
  to   space 10240K, 0% used [0x00000000e5700000,0x00000000e5700000,0x00000000e6100000)
 ParOldGen       total 64512K, used 11998K [0x00000000a0000000, 0x00000000a3f00000, 0x00000000e0000000)
  object space 64512K, 18% used [0x00000000a0000000,0x00000000a0bb7868,0x00000000a3f00000)
 Metaspace       used 32138K, capacity 32668K, committed 33024K, reserved 1077248K
  class space    used 4347K, capacity 4535K, committed 4608K, reserved 1048576K
}
Event: 13.919 GC heap before
{Heap before GC invocations=11 (full 1):
 PSYoungGen      total 64512K, used 59636K [0x00000000e0000000, 0x00000000e6100000, 0x0000000100000000)
  eden space 53760K, 100% used [0x00000000e0000000,0x00000000e3480000,0x00000000e3480000)
  from space 10752K, 54% used [0x00000000e3480000,0x00000000e3a3d388,0x00000000e3f00000)
  to   space 10240K, 0% used [0x00000000e5700000,0x00000000e5700000,0x00000000e6100000)
 ParOldGen       total 64512K, used 11998K [0x00000000a0000000, 0x00000000a3f00000, 0x00000000e0000000)
  object space 64512K, 18% used [0x00000000a0000000,0x00000000a0bb7868,0x00000000a3f00000)
 Metaspace       used 32788K, capacity 33308K, committed 33536K, reserved 1079296K
  class space    used 4419K, capacity 4599K, committed 4608K, reserved 1048576K
Event: 13.929 GC heap after
Heap after GC invocations=11 (full 1):
 PSYoungGen      total 87040K, used 2224K [0x00000000e0000000, 0x00000000e6080000, 0x0000000100000000)
  eden space 77312K, 0% used [0x00000000e0000000,0x00000000e0000000,0x00000000e4b80000)
  from space 9728K, 22% used [0x00000000e5700000,0x00000000e592c020,0x00000000e6080000)
  to   space 10752K, 0% used [0x00000000e4b80000,0x00000000e4b80000,0x00000000e5600000)
 ParOldGen       total 64512K, used 14818K [0x00000000a0000000, 0x00000000a3f00000, 0x00000000e0000000)
  object space 64512K, 22% used [0x00000000a0000000,0x00000000a0e78b28,0x00000000a3f00000)
 Metaspace       used 32788K, capacity 33308K, committed 33536K, reserved 1079296K
  class space    used 4419K, capacity 4599K, committed 4608K, reserved 1048576K
}
Event: 18.083 GC heap before
{Heap before GC invocations=12 (full 1):
 PSYoungGen      total 87040K, used 25780K [0x00000000e0000000, 0x00000000e6080000, 0x0000000100000000)
  eden space 77312K, 30% used [0x00000000e0000000,0x00000000e1701348,0x00000000e4b80000)
  from space 9728K, 22% used [0x00000000e5700000,0x00000000e592c020,0x00000000e6080000)
  to   space 10752K, 0% used [0x00000000e4b80000,0x00000000e4b80000,0x00000000e5600000)
 ParOldGen       total 64512K, used 14818K [0x00000000a0000000, 0x00000000a3f00000, 0x00000000e0000000)
  object space 64512K, 22% used [0x00000000a0000000,0x00000000a0e78b28,0x00000000a3f00000)
 Metaspace       used 34797K, capacity 35308K, committed 35416K, reserved 1079296K
  class space    used 4719K, capacity 4925K, committed 4992K, reserved 1048576K
Event: 18.100 GC heap after
Heap after GC invocations=12 (full 1):
 PSYoungGen      total 88064K, used 3070K [0x00000000e0000000, 0x00000000e7f80000, 0x0000000100000000)
  eden space 77312K, 0% used [0x00000000e0000000,0x00000000e0000000,0x00000000e4b80000)
  from space 10752K, 28% used [0x00000000e4b80000,0x00000000e4e7f8f0,0x00000000e5600000)
  to   space 10752K, 0% used [0x00000000e7500000,0x00000000e7500000,0x00000000e7f80000)
 ParOldGen       total 64512K, used 16386K [0x00000000a0000000, 0x00000000a3f00000, 0x00000000e0000000)
  object space 64512K, 25% used [0x00000000a0000000,0x00000000a1000ba8,0x00000000a3f00000)
 Metaspace       used 34797K, capacity 35308K, committed 35416K, reserved 1079296K
  class space    used 4719K, capacity 4925K, committed 4992K, reserved 1048576K
}
Event: 18.100 GC heap before
{Heap before GC invocations=13 (full 2):
 PSYoungGen      total 88064K, used 3070K [0x00000000e0000000, 0x00000000e7f80000, 0x0000000100000000)
  eden space 77312K, 0% used [0x00000000e0000000,0x00000000e0000000,0x00000000e4b80000)
  from space 10752K, 28% used [0x00000000e4b80000,0x00000000e4e7f8f0,0x00000000e5600000)
  to   space 10752K, 0% used [0x00000000e7500000,0x00000000e7500000,0x00000000e7f80000)
 ParOldGen       total 64512K, used 16386K [0x00000000a0000000, 0x00000000a3f00000, 0x00000000e0000000)
  object space 64512K, 25% used [0x00000000a0000000,0x00000000a1000ba8,0x00000000a3f00000)
 Metaspace       used 34797K, capacity 35308K, committed 35416K, reserved 1079296K
  class space    used 4719K, capacity 4925K, committed 4992K, reserved 1048576K
Event: 18.195 GC heap after
Heap after GC invocations=13 (full 2):
 PSYoungGen      total 88064K, used 0K [0x00000000e0000000, 0x00000000e7f80000, 0x0000000100000000)
  eden space 77312K, 0% used [0x00000000e0000000,0x00000000e0000000,0x00000000e4b80000)
  from space 10752K, 0% used [0x00000000e4b80000,0x00000000e4b80000,0x00000000e5600000)
  to   space 10752K, 0% used [0x00000000e7500000,0x00000000e7500000,0x00000000e7f80000)
 ParOldGen       total 64512K, used 16475K [0x00000000a0000000, 0x00000000a3f00000, 0x00000000e0000000)
  object space 64512K, 25% used [0x00000000a0000000,0x00000000a1016ed8,0x00000000a3f00000)
 Metaspace       used 34797K, capacity 35308K, committed 35416K, reserved 1079296K
  class space    used 4719K, capacity 4925K, committed 4992K, reserved 1048576K
}

